Dec-14 11:41:58.456 [main] DEBUG nextflow.cli.Launcher - $> nextflow fastqc_test.nf -with-singularity test.img
Dec-14 11:41:58.500 [main] INFO  nextflow.cli.CmdRun - N E X T F L O W  ~  version 21.04.1
Dec-14 11:41:58.510 [main] INFO  nextflow.cli.CmdRun - Launching `fastqc_test.nf` [soggy_booth] - revision: 3390c81ff1
Dec-14 11:41:58.517 [main] DEBUG nextflow.config.ConfigBuilder - Found config local: /home/harry-san/Downloads/nextflow_day2/rtp_workshop/nextflow.config
Dec-14 11:41:58.518 [main] DEBUG nextflow.config.ConfigBuilder - Parsing config file: /home/harry-san/Downloads/nextflow_day2/rtp_workshop/nextflow.config
Dec-14 11:41:58.527 [main] DEBUG nextflow.config.ConfigBuilder - Applying config profile: `standard`
Dec-14 11:41:58.819 [main] DEBUG nextflow.config.ConfigBuilder - Enabling execution in Singularity container as requested by cli option `-with-singularity null`
Dec-14 11:41:58.825 [main] DEBUG nextflow.plugin.PluginsFacade - Setting up plugin manager > mode=prod; plugins-dir=/home/harry-san/.nextflow/plugins
Dec-14 11:41:58.826 [main] DEBUG nextflow.plugin.PluginsFacade - Plugins default=[]
Dec-14 11:41:58.827 [main] DEBUG nextflow.plugin.PluginsFacade - Plugins local root: .nextflow/plr/empty
Dec-14 11:41:58.830 [main] INFO  org.pf4j.DefaultPluginStatusProvider - Enabled plugins: []
Dec-14 11:41:58.830 [main] INFO  org.pf4j.DefaultPluginStatusProvider - Disabled plugins: []
Dec-14 11:41:58.832 [main] INFO  org.pf4j.DefaultPluginManager - PF4J version 3.4.1 in 'deployment' mode
Dec-14 11:41:58.836 [main] INFO  org.pf4j.AbstractPluginManager - No plugins
Dec-14 11:41:58.870 [main] DEBUG nextflow.Session - Session uuid: 778cf735-b17c-4346-bbf0-39cfb2410398
Dec-14 11:41:58.870 [main] DEBUG nextflow.Session - Run name: soggy_booth
Dec-14 11:41:58.871 [main] DEBUG nextflow.Session - Executor pool size: 8
Dec-14 11:41:58.885 [main] DEBUG nextflow.cli.CmdRun - 
  Version: 21.04.1 build 5556
  Created: 14-05-2021 15:20 UTC (16:20 IST)
  System: Linux 5.11.0-41-generic
  Runtime: Groovy 3.0.7 on OpenJDK 64-Bit Server VM 11.0.11+9-Ubuntu-0ubuntu2.20.04
  Encoding: UTF-8 (UTF-8)
  Process: 9146@Franklin [127.0.1.1]
  CPUs: 8 - Mem: 31.1 GB (25 GB) - Swap: 2 GB (2 GB)
Dec-14 11:41:58.895 [main] DEBUG nextflow.Session - Work-dir: /home/harry-san/Downloads/nextflow_day2/rtp_workshop/work [ext2/ext3]
Dec-14 11:41:58.895 [main] DEBUG nextflow.Session - Script base path does not exist or is not a directory: /home/harry-san/Downloads/nextflow_day2/rtp_workshop/bin
Dec-14 11:41:58.900 [main] DEBUG nextflow.executor.ExecutorFactory - Extension executors providers=[]
Dec-14 11:41:58.906 [main] DEBUG nextflow.Session - Observer factory: DefaultObserverFactory
Dec-14 11:41:58.983 [main] DEBUG nextflow.Session - Session start invoked
Dec-14 11:41:59.110 [main] DEBUG nextflow.script.ScriptRunner - > Launching execution
Dec-14 11:41:59.114 [main] DEBUG nextflow.Session - Workflow process names [dsl1]: FASTQC
Dec-14 11:41:59.132 [PathVisitor-1] DEBUG nextflow.file.PathVisitor - files for syntax: glob; folder: test-datasets/fastq/; pattern: *_{1,2}.fastq.gz; options: [checkIfExists:true]
Dec-14 11:41:59.196 [main] DEBUG nextflow.executor.ExecutorFactory - << taskConfig executor: null
Dec-14 11:41:59.196 [main] DEBUG nextflow.executor.ExecutorFactory - >> processorType: 'local'
Dec-14 11:41:59.199 [main] DEBUG nextflow.executor.Executor - [warm up] executor > local
Dec-14 11:41:59.202 [main] DEBUG n.processor.LocalPollingMonitor - Creating local task monitor for executor 'local' > cpus=8; memory=31.1 GB; capacity=8; pollInterval=100ms; dumpInterval=5m
Dec-14 11:41:59.241 [main] DEBUG nextflow.script.ScriptRunner - > Await termination 
Dec-14 11:41:59.242 [main] DEBUG nextflow.Session - Session await
Dec-14 11:41:59.318 [Task submitter] DEBUG nextflow.executor.LocalTaskHandler - Launch cmd line: /bin/bash -ue .command.run
Dec-14 11:41:59.320 [Task submitter] INFO  nextflow.Session - [1b/e8a865] Submitted process > FASTQC (4)
Dec-14 11:41:59.324 [Task submitter] DEBUG nextflow.executor.LocalTaskHandler - Launch cmd line: /bin/bash -ue .command.run
Dec-14 11:41:59.325 [Task submitter] INFO  nextflow.Session - [62/cd6002] Submitted process > FASTQC (1)
Dec-14 11:41:59.330 [Task submitter] DEBUG nextflow.executor.LocalTaskHandler - Launch cmd line: /bin/bash -ue .command.run
Dec-14 11:41:59.330 [Task submitter] INFO  nextflow.Session - [4e/f1a25d] Submitted process > FASTQC (5)
Dec-14 11:41:59.334 [Task submitter] DEBUG nextflow.executor.LocalTaskHandler - Launch cmd line: /bin/bash -ue .command.run
Dec-14 11:41:59.334 [Task submitter] INFO  nextflow.Session - [43/059a38] Submitted process > FASTQC (2)
Dec-14 11:41:59.337 [Task submitter] DEBUG nextflow.executor.LocalTaskHandler - Launch cmd line: /bin/bash -ue .command.run
Dec-14 11:41:59.337 [Task submitter] INFO  nextflow.Session - [2a/042e55] Submitted process > FASTQC (6)
Dec-14 11:41:59.340 [Task submitter] DEBUG nextflow.executor.LocalTaskHandler - Launch cmd line: /bin/bash -ue .command.run
Dec-14 11:41:59.342 [Task submitter] INFO  nextflow.Session - [bd/ef693e] Submitted process > FASTQC (3)
Dec-14 11:42:09.870 [Task monitor] DEBUG n.processor.TaskPollingMonitor - Task completed > TaskHandler[id: 5; name: FASTQC (1); status: COMPLETED; exit: 0; error: -; workDir: /home/harry-san/Downloads/nextflow_day2/rtp_workshop/work/62/cd60020280c595cae721bc4c9828e2]
Dec-14 11:42:09.890 [Task monitor] DEBUG n.util.BlockingThreadExecutorFactory - Thread pool name=FileTransfer; maxThreads=24; maxQueueSize=72; keepAlive=1m
Dec-14 11:42:09.971 [Task monitor] DEBUG n.processor.TaskPollingMonitor - Task completed > TaskHandler[id: 2; name: FASTQC (2); status: COMPLETED; exit: 0; error: -; workDir: /home/harry-san/Downloads/nextflow_day2/rtp_workshop/work/43/059a38d203c0c25dcf08fbb1e0eae0]
Dec-14 11:42:10.018 [Task monitor] DEBUG n.processor.TaskPollingMonitor - Task completed > TaskHandler[id: 6; name: FASTQC (6); status: COMPLETED; exit: 0; error: -; workDir: /home/harry-san/Downloads/nextflow_day2/rtp_workshop/work/2a/042e55b7f59c89f3d02964aebeec9b]
Dec-14 11:42:10.916 [Task monitor] DEBUG n.processor.TaskPollingMonitor - Task completed > TaskHandler[id: 1; name: FASTQC (4); status: COMPLETED; exit: 0; error: -; workDir: /home/harry-san/Downloads/nextflow_day2/rtp_workshop/work/1b/e8a8652b72966f47fb09f26c6074c4]
Dec-14 11:42:11.052 [Task monitor] DEBUG n.processor.TaskPollingMonitor - Task completed > TaskHandler[id: 3; name: FASTQC (3); status: COMPLETED; exit: 0; error: -; workDir: /home/harry-san/Downloads/nextflow_day2/rtp_workshop/work/bd/ef693e0d3f8af5f6b8f06949b3205c]
Dec-14 11:42:11.090 [Task monitor] DEBUG n.processor.TaskPollingMonitor - Task completed > TaskHandler[id: 4; name: FASTQC (5); status: COMPLETED; exit: 0; error: -; workDir: /home/harry-san/Downloads/nextflow_day2/rtp_workshop/work/4e/f1a25d34776fc98080372ccc95d9bb]
Dec-14 11:42:11.098 [main] DEBUG nextflow.Session - Session await > all process finished
Dec-14 11:42:11.190 [main] DEBUG nextflow.Session - Session await > all barriers passed
Dec-14 11:42:11.203 [main] DEBUG nextflow.trace.WorkflowStatsObserver - Workflow completed > WorkflowStats[succeededCount=6; failedCount=0; ignoredCount=0; cachedCount=0; pendingCount=0; submittedCount=0; runningCount=0; retriesCount=0; abortedCount=0; succeedDuration=1m 6s; failedDuration=0ms; cachedDuration=0ms;loadCpus=0; loadMemory=0; peakRunning=6; peakCpus=6; peakMemory=0; ]
Dec-14 11:42:11.226 [main] DEBUG nextflow.CacheDB - Closing CacheDB done
Dec-14 11:42:11.236 [main] DEBUG nextflow.script.ScriptRunner - > Execution complete -- Goodbye
